This is pdfTeX, Version 3.141592653-2.6-1.40.22 (TeX Live 2022/dev/Debian) (preloaded format=pdflatex 2023.8.30)  25 SEP 2023 12:33
entering extended mode
 restricted \write18 enabled.
 file:line:error style messages enabled.
 %&-line parsing enabled.
**main_page.tex
(./main_page.tex
LaTeX2e <2021-11-15> patch level 1
L3 programming layer <2022-01-21>
./main_page.tex:4: Undefined control sequence.
l.4 \tableofcontents
                    
The control sequence at the end of the top line
of your error message was never \def'ed. If you have
misspelled it (e.g., `\hobx'), type `I' and the correct
spelling (e.g., `I\hbox'). Otherwise just continue,
and I'll forget about whatever was undefined.

./main_page.tex:9: Undefined control sequence.
l.9 \section
            {Github:}
The control sequence at the end of the top line
of your error message was never \def'ed. If you have
misspelled it (e.g., `\hobx'), type `I' and the correct
spelling (e.g., `I\hbox'). Otherwise just continue,
and I'll forget about whatever was undefined.


./main_page.tex:9: LaTeX Error: Missing \begin{document}.

See the LaTeX manual or LaTeX Companion for explanation.
Type  H <return>  for immediate help.
 ...                                              
                                                  
l.9 \section{G
              ithub:}
You're in trouble here.  Try typing  <return>  to proceed.
If that doesn't work, type  X <return>  to quit.

Missing character: There is no G in font nullfont!
Missing character: There is no i in font nullfont!
Missing character: There is no t in font nullfont!
Missing character: There is no h in font nullfont!
Missing character: There is no u in font nullfont!
Missing character: There is no b in font nullfont!
Missing character: There is no : in font nullfont!
./main_page.tex:10: Undefined control sequence.
l.10 \href
          {https://github.com/Kyoto67/xv6-riscv}{github.com/Kyoto67/xv6-riscv}
The control sequence at the end of the top line
of your error message was never \def'ed. If you have
misspelled it (e.g., `\hobx'), type `I' and the correct
spelling (e.g., `I\hbox'). Otherwise just continue,
and I'll forget about whatever was undefined.

Missing character: There is no h in font nullfont!
Missing character: There is no t in font nullfont!
Missing character: There is no t in font nullfont!
Missing character: There is no p in font nullfont!
Missing character: There is no s in font nullfont!
Missing character: There is no : in font nullfont!
Missing character: There is no / in font nullfont!
Missing character: There is no / in font nullfont!
Missing character: There is no g in font nullfont!
Missing character: There is no i in font nullfont!
Missing character: There is no t in font nullfont!
Missing character: There is no h in font nullfont!
Missing character: There is no u in font nullfont!
Missing character: There is no b in font nullfont!
Missing character: There is no . in font nullfont!
Missing character: There is no c in font nullfont!
Missing character: There is no o in font nullfont!
Missing character: There is no m in font nullfont!
Missing character: There is no / in font nullfont!
Missing character: There is no K in font nullfont!
Missing character: There is no y in font nullfont!
Missing character: There is no o in font nullfont!
Missing character: There is no t in font nullfont!
Missing character: There is no o in font nullfont!
Missing character: There is no 6 in font nullfont!
Missing character: There is no 7 in font nullfont!
Missing character: There is no / in font nullfont!
Missing character: There is no x in font nullfont!
Missing character: There is no v in font nullfont!
Missing character: There is no 6 in font nullfont!
Missing character: There is no - in font nullfont!
Missing character: There is no r in font nullfont!
Missing character: There is no i in font nullfont!
Missing character: There is no s in font nullfont!
Missing character: There is no c in font nullfont!
Missing character: There is no v in font nullfont!
Missing character: There is no g in font nullfont!
Missing character: There is no i in font nullfont!
Missing character: There is no t in font nullfont!
Missing character: There is no h in font nullfont!
Missing character: There is no u in font nullfont!
Missing character: There is no b in font nullfont!
Missing character: There is no . in font nullfont!
Missing character: There is no c in font nullfont!
Missing character: There is no o in font nullfont!
Missing character: There is no m in font nullfont!
Missing character: There is no / in font nullfont!
Missing character: There is no K in font nullfont!
Missing character: There is no y in font nullfont!
Missing character: There is no o in font nullfont!
Missing character: There is no t in font nullfont!
Missing character: There is no o in font nullfont!
Missing character: There is no 6 in font nullfont!
Missing character: There is no 7 in font nullfont!
Missing character: There is no / in font nullfont!
Missing character: There is no x in font nullfont!
Missing character: There is no v in font nullfont!
Missing character: There is no 6 in font nullfont!
Missing character: There is no - in font nullfont!
Missing character: There is no r in font nullfont!
Missing character: There is no i in font nullfont!
Missing character: There is no s in font nullfont!
Missing character: There is no c in font nullfont!
Missing character: There is no v in font nullfont!

Overfull \hbox (20.0pt too wide) in paragraph at lines 9--11
[]
 []

./main_page.tex:13: Undefined control sequence.
l.13 \section
             {Вывод:}
The control sequence at the end of the top line
of your error message was never \def'ed. If you have
misspelled it (e.g., `\hobx'), type `I' and the correct
spelling (e.g., `I\hbox'). Otherwise just continue,
and I'll forget about whatever was undefined.


./main_page.tex:13: LaTeX Error: Unicode character В (U+0412)
               not set up for use with LaTeX.

See the LaTeX manual or LaTeX Companion for explanation.
Type  H <return>  for immediate help.
 ...                                              
                                                  
l.13 \section{В
                ывод:}
You may provide a definition with
\DeclareUnicodeCharacter 


./main_page.tex:13: LaTeX Error: Unicode character ы (U+044B)
               not set up for use with LaTeX.

See the LaTeX manual or LaTeX Companion for explanation.
Type  H <return>  for immediate help.
 ...                                              
                                                  
l.13 \section{Вы
                  вод:}
You may provide a definition with
\DeclareUnicodeCharacter 


./main_page.tex:13: LaTeX Error: Unicode character в (U+0432)
               not set up for use with LaTeX.

See the LaTeX manual or LaTeX Companion for explanation.
Type  H <return>  for immediate help.
 ...                                              
                                                  
l.13 \section{Выв
                    од:}
You may provide a definition with
\DeclareUnicodeCharacter 


./main_page.tex:13: LaTeX Error: Unicode character о (U+043E)
               not set up for use with LaTeX.

See the LaTeX manual or LaTeX Companion for explanation.
Type  H <return>  for immediate help.
 ...                                              
                                                  
l.13 \section{Выво
                      д:}
You may provide a definition with
\DeclareUnicodeCharacter 


./main_page.tex:13: LaTeX Error: Unicode character д (U+0434)
               not set up for use with LaTeX.

See the LaTeX manual or LaTeX Companion for explanation.
Type  H <return>  for immediate help.
 ...                                              
                                                  
l.13 \section{Вывод
                        :}
You may provide a definition with
\DeclareUnicodeCharacter 


./main_page.tex:13: LaTeX Error: Missing \begin{document}.

See the LaTeX manual or LaTeX Companion for explanation.
Type  H <return>  for immediate help.
 ...                                              
                                                  
l.13 \section{Вывод:
                         }
You're in trouble here.  Try typing  <return>  to proceed.
If that doesn't work, type  X <return>  to quit.

Missing character: There is no : in font nullfont!

Overfull \hbox (20.0pt too wide) in paragraph at lines 13--14
[] 
 []


./main_page.tex:49: LaTeX Error: Unicode character В (U+0412)
               not set up for use with LaTeX.

See the LaTeX manual or LaTeX Companion for explanation.
Type  H <return>  for immediate help.
 ...                                              
                                                  
l.49 \end{verbatim}
                   
You may provide a definition with
\DeclareUnicodeCharacter 


./main_page.tex:49: LaTeX Error: Unicode character х (U+0445)
               not set up for use with LaTeX.

See the LaTeX manual or LaTeX Companion for explanation.
Type  H <return>  for immediate help.
 ...                                              
                                                  
l.49 \end{verbatim}
                   
You may provide a definition with
\DeclareUnicodeCharacter 


./main_page.tex:49: LaTeX Error: Unicode character о (U+043E)
               not set up for use with LaTeX.

See the LaTeX manual or LaTeX Companion for explanation.
Type  H <return>  for immediate help.
 ...                                              
                                                  
l.49 \end{verbatim}
                   
You may provide a definition with
\DeclareUnicodeCharacter 


./main_page.tex:49: LaTeX Error: Unicode character д (U+0434)
               not set up for use with LaTeX.

See the LaTeX manual or LaTeX Companion for explanation.
Type  H <return>  for immediate help.
 ...                                              
                                                  
l.49 \end{verbatim}
                   
You may provide a definition with
\DeclareUnicodeCharacter 


./main_page.tex:49: LaTeX Error: Unicode character е (U+0435)
               not set up for use with LaTeX.

See the LaTeX manual or LaTeX Companion for explanation.
Type  H <return>  for immediate help.
 ...                                              
                                                  
l.49 \end{verbatim}
                   
You may provide a definition with
\DeclareUnicodeCharacter 


./main_page.tex:49: LaTeX Error: Unicode character в (U+0432)
               not set up for use with LaTeX.

See the LaTeX manual or LaTeX Companion for explanation.
Type  H <return>  for immediate help.
 ...                                              
                                                  
l.49 \end{verbatim}
                   
You may provide a definition with
\DeclareUnicodeCharacter 


./main_page.tex:49: LaTeX Error: Unicode character ы (U+044B)
               not set up for use with LaTeX.

See the LaTeX manual or LaTeX Companion for explanation.
Type  H <return>  for immediate help.
 ...                                              
                                                  
l.49 \end{verbatim}
                   
You may provide a definition with
\DeclareUnicodeCharacter 


./main_page.tex:49: LaTeX Error: Unicode character п (U+043F)
               not set up for use with LaTeX.

See the LaTeX manual or LaTeX Companion for explanation.
Type  H <return>  for immediate help.
 ...                                              
                                                  
l.49 \end{verbatim}
                   
You may provide a definition with
\DeclareUnicodeCharacter 


./main_page.tex:49: LaTeX Error: Unicode character о (U+043E)
               not set up for use with LaTeX.

See the LaTeX manual or LaTeX Companion for explanation.
Type  H <return>  for immediate help.
 ...                                              
                                                  
l.49 \end{verbatim}
                   
You may provide a definition with
\DeclareUnicodeCharacter 


./main_page.tex:49: LaTeX Error: Unicode character л (U+043B)
               not set up for use with LaTeX.

See the LaTeX manual or LaTeX Companion for explanation.
Type  H <return>  for immediate help.
 ...                                              
                                                  
l.49 \end{verbatim}
                   
You may provide a definition with
\DeclareUnicodeCharacter 


./main_page.tex:49: LaTeX Error: Unicode character н (U+043D)
               not set up for use with LaTeX.

See the LaTeX manual or LaTeX Companion for explanation.
Type  H <return>  for immediate help.
 ...                                              
                                                  
l.49 \end{verbatim}
                   
You may provide a definition with
\DeclareUnicodeCharacter 


./main_page.tex:49: LaTeX Error: Unicode character е (U+0435)
               not set up for use with LaTeX.

See the LaTeX manual or LaTeX Companion for explanation.
Type  H <return>  for immediate help.
 ...                                              
                                                  
l.49 \end{verbatim}
                   
You may provide a definition with
\DeclareUnicodeCharacter 


./main_page.tex:49: LaTeX Error: Unicode character н (U+043D)
               not set up for use with LaTeX.

See the LaTeX manual or LaTeX Companion for explanation.
Type  H <return>  for immediate help.
 ...                                              
                                                  
l.49 \end{verbatim}
                   
You may provide a definition with
\DeclareUnicodeCharacter 


./main_page.tex:49: LaTeX Error: Unicode character и (U+0438)
               not set up for use with LaTeX.

See the LaTeX manual or LaTeX Companion for explanation.
Type  H <return>  for immediate help.
 ...                                              
                                                  
l.49 \end{verbatim}
                   
You may provide a definition with
\DeclareUnicodeCharacter 


./main_page.tex:49: LaTeX Error: Unicode character я (U+044F)
               not set up for use with LaTeX.

See the LaTeX manual or LaTeX Companion for explanation.
Type  H <return>  for immediate help.
 ...                                              
                                                  
l.49 \end{verbatim}
                   
You may provide a definition with
\DeclareUnicodeCharacter 


./main_page.tex:49: LaTeX Error: Unicode character к (U+043A)
               not set up for use with LaTeX.

See the LaTeX manual or LaTeX Companion for explanation.
Type  H <return>  for immediate help.
 ...                                              
                                                  
l.49 \end{verbatim}
                   
You may provide a definition with
\DeclareUnicodeCharacter 


./main_page.tex:49: LaTeX Error: Unicode character у (U+0443)
               not set up for use with LaTeX.

See the LaTeX manual or LaTeX Companion for explanation.
Type  H <return>  for immediate help.
 ...                                              
                                                  
l.49 \end{verbatim}
                   
You may provide a definition with
\DeclareUnicodeCharacter 


./main_page.tex:49: LaTeX Error: Unicode character р (U+0440)
               not set up for use with LaTeX.

See the LaTeX manual or LaTeX Companion for explanation.
Type  H <return>  for immediate help.
 ...                                              
                                                  
l.49 \end{verbatim}
                   
You may provide a definition with
\DeclareUnicodeCharacter 


./main_page.tex:49: LaTeX Error: Unicode character с (U+0441)
               not set up for use with LaTeX.

See the LaTeX manual or LaTeX Companion for explanation.
Type  H <return>  for immediate help.
 ...                                              
                                                  
l.49 \end{verbatim}
                   
You may provide a definition with
\DeclareUnicodeCharacter 


./main_page.tex:49: LaTeX Error: Unicode character о (U+043E)
               not set up for use with LaTeX.

See the LaTeX manual or LaTeX Companion for explanation.
Type  H <return>  for immediate help.
 ...                                              
                                                  
l.49 \end{verbatim}
                   
You may provide a definition with
\DeclareUnicodeCharacter 


./main_page.tex:49: LaTeX Error: Unicode character в (U+0432)
               not set up for use with LaTeX.

See the LaTeX manual or LaTeX Companion for explanation.
Type  H <return>  for immediate help.
 ...                                              
                                                  
l.49 \end{verbatim}
                   
You may provide a definition with
\DeclareUnicodeCharacter 


./main_page.tex:49: LaTeX Error: Unicode character о (U+043E)
               not set up for use with LaTeX.

See the LaTeX manual or LaTeX Companion for explanation.
Type  H <return>  for immediate help.
 ...                                              
                                                  
l.49 \end{verbatim}
                   
You may provide a definition with
\DeclareUnicodeCharacter 


./main_page.tex:49: LaTeX Error: Unicode character й (U+0439)
               not set up for use with LaTeX.

See the LaTeX manual or LaTeX Companion for explanation.
Type  H <return>  for immediate help.
 ...                                              
                                                  
l.49 \end{verbatim}
                   
You may provide a definition with
\DeclareUnicodeCharacter 


./main_page.tex:49: LaTeX Error: Unicode character р (U+0440)
               not set up for use with LaTeX.

See the LaTeX manual or LaTeX Companion for explanation.
Type  H <return>  for immediate help.
 ...                                              
                                                  
l.49 \end{verbatim}
                   
You may provide a definition with
\DeclareUnicodeCharacter 


./main_page.tex:49: LaTeX Error: Unicode character а (U+0430)
               not set up for use with LaTeX.

See the LaTeX manual or LaTeX Companion for explanation.
Type  H <return>  for immediate help.
 ...                                              
                                                  
l.49 \end{verbatim}
                   
You may provide a definition with
\DeclareUnicodeCharacter 


./main_page.tex:49: LaTeX Error: Unicode character б (U+0431)
               not set up for use with LaTeX.

See the LaTeX manual or LaTeX Companion for explanation.
Type  H <return>  for immediate help.
 ...                                              
                                                  
l.49 \end{verbatim}
                   
You may provide a definition with
\DeclareUnicodeCharacter 


./main_page.tex:49: LaTeX Error: Unicode character о (U+043E)
               not set up for use with LaTeX.

See the LaTeX manual or LaTeX Companion for explanation.
Type  H <return>  for immediate help.
 ...                                              
                                                  
l.49 \end{verbatim}
                   
You may provide a definition with
\DeclareUnicodeCharacter 


./main_page.tex:49: LaTeX Error: Unicode character т (U+0442)
               not set up for use with LaTeX.

See the LaTeX manual or LaTeX Companion for explanation.
Type  H <return>  for immediate help.
 ...                                              
                                                  
l.49 \end{verbatim}
                   
You may provide a definition with
\DeclareUnicodeCharacter 


./main_page.tex:49: LaTeX Error: Unicode character ы (U+044B)
               not set up for use with LaTeX.

See the LaTeX manual or LaTeX Companion for explanation.
Type  H <return>  for immediate help.
 ...                                              
                                                  
l.49 \end{verbatim}
                   
You may provide a definition with
\DeclareUnicodeCharacter 


./main_page.tex:49: LaTeX Error: Unicode character б (U+0431)
               not set up for use with LaTeX.

See the LaTeX manual or LaTeX Companion for explanation.
Type  H <return>  for immediate help.
 ...                                              
                                                  
l.49 \end{verbatim}
                   
You may provide a definition with
\DeclareUnicodeCharacter 


./main_page.tex:49: LaTeX Error: Unicode character ы (U+044B)
               not set up for use with LaTeX.

See the LaTeX manual or LaTeX Companion for explanation.
Type  H <return>  for immediate help.
 ...                                              
                                                  
l.49 \end{verbatim}
                   
You may provide a definition with
\DeclareUnicodeCharacter 


./main_page.tex:49: LaTeX Error: Unicode character л (U+043B)
               not set up for use with LaTeX.

See the LaTeX manual or LaTeX Companion for explanation.
Type  H <return>  for immediate help.
 ...                                              
                                                  
l.49 \end{verbatim}
                   
You may provide a definition with
\DeclareUnicodeCharacter 


./main_page.tex:49: LaTeX Error: Unicode character и (U+0438)
               not set up for use with LaTeX.

See the LaTeX manual or LaTeX Companion for explanation.
Type  H <return>  for immediate help.
 ...                                              
                                                  
l.49 \end{verbatim}
                   
You may provide a definition with
\DeclareUnicodeCharacter 


./main_page.tex:49: LaTeX Error: Unicode character в (U+0432)
               not set up for use with LaTeX.

See the LaTeX manual or LaTeX Companion for explanation.
Type  H <return>  for immediate help.
 ...                                              
                                                  
l.49 \end{verbatim}
                   
You may provide a definition with
\DeclareUnicodeCharacter 


./main_page.tex:49: LaTeX Error: Unicode character ы (U+044B)
               not set up for use with LaTeX.

See the LaTeX manual or LaTeX Companion for explanation.
Type  H <return>  for immediate help.
 ...                                              
                                                  
l.49 \end{verbatim}
                   
You may provide a definition with
\DeclareUnicodeCharacter 


./main_page.tex:49: LaTeX Error: Unicode character п (U+043F)
               not set up for use with LaTeX.

See the LaTeX manual or LaTeX Companion for explanation.
Type  H <return>  for immediate help.
 ...                                              
                                                  
l.49 \end{verbatim}
                   
You may provide a definition with
\DeclareUnicodeCharacter 


./main_page.tex:49: LaTeX Error: Unicode character о (U+043E)
               not set up for use with LaTeX.

See the LaTeX manual or LaTeX Companion for explanation.
Type  H <return>  for immediate help.
 ...                                              
                                                  
l.49 \end{verbatim}
                   
You may provide a definition with
\DeclareUnicodeCharacter 


./main_page.tex:49: LaTeX Error: Unicode character л (U+043B)
               not set up for use with LaTeX.

See the LaTeX manual or LaTeX Companion for explanation.
Type  H <return>  for immediate help.
 ...                                              
                                                  
l.49 \end{verbatim}
                   
You may provide a definition with
\DeclareUnicodeCharacter 


./main_page.tex:49: LaTeX Error: Unicode character н (U+043D)
               not set up for use with LaTeX.

See the LaTeX manual or LaTeX Companion for explanation.
Type  H <return>  for immediate help.
 ...                                              
                                                  
l.49 \end{verbatim}
                   
You may provide a definition with
\DeclareUnicodeCharacter 


./main_page.tex:49: LaTeX Error: Unicode character е (U+0435)
               not set up for use with LaTeX.

See the LaTeX manual or LaTeX Companion for explanation.
Type  H <return>  for immediate help.
 ...                                              
                                                  
l.49 \end{verbatim}
                   
You may provide a definition with
\DeclareUnicodeCharacter 


./main_page.tex:49: LaTeX Error: Unicode character н (U+043D)
               not set up for use with LaTeX.

See the LaTeX manual or LaTeX Companion for explanation.
Type  H <return>  for immediate help.
 ...                                              
                                                  
l.49 \end{verbatim}
                   
You may provide a definition with
\DeclareUnicodeCharacter 


./main_page.tex:49: LaTeX Error: Unicode character ы (U+044B)
               not set up for use with LaTeX.

See the LaTeX manual or LaTeX Companion for explanation.
Type  H <return>  for immediate help.
 ...                                              
                                                  
l.49 \end{verbatim}
                   
You may provide a definition with
\DeclareUnicodeCharacter 


./main_page.tex:49: LaTeX Error: Unicode character с (U+0441)
               not set up for use with LaTeX.

See the LaTeX manual or LaTeX Companion for explanation.
Type  H <return>  for immediate help.
 ...                                              
                                                  
l.49 \end{verbatim}
                   
You may provide a definition with
\DeclareUnicodeCharacter 


./main_page.tex:49: LaTeX Error: Unicode character л (U+043B)
               not set up for use with LaTeX.

See the LaTeX manual or LaTeX Companion for explanation.
Type  H <return>  for immediate help.
 ...                                              
                                                  
l.49 \end{verbatim}
                   
You may provide a definition with
\DeclareUnicodeCharacter 


./main_page.tex:49: LaTeX Error: Unicode character е (U+0435)
               not set up for use with LaTeX.

See the LaTeX manual or LaTeX Companion for explanation.
Type  H <return>  for immediate help.
 ...                                              
                                                  
l.49 \end{verbatim}
                   
You may provide a definition with
\DeclareUnicodeCharacter 


./main_page.tex:49: LaTeX Error: Unicode character д (U+0434)
               not set up for use with LaTeX.

See the LaTeX manual or LaTeX Companion for explanation.
Type  H <return>  for immediate help.
 ...                                              
                                                  
l.49 \end{verbatim}
                   
You may provide a definition with
\DeclareUnicodeCharacter 


./main_page.tex:49: LaTeX Error: Unicode character у (U+0443)
               not set up for use with LaTeX.

See the LaTeX manual or LaTeX Companion for explanation.
Type  H <return>  for immediate help.
 ...                                              
                                                  
l.49 \end{verbatim}
                   
You may provide a definition with
\DeclareUnicodeCharacter 


./main_page.tex:49: LaTeX Error: Unicode character ю (U+044E)
               not set up for use with LaTeX.

See the LaTeX manual or LaTeX Companion for explanation.
Type  H <return>  for immediate help.
 ...                                              
                                                  
l.49 \end{verbatim}
                   
You may provide a definition with
\DeclareUnicodeCharacter 


./main_page.tex:49: LaTeX Error: Unicode character щ (U+0449)
               not set up for use with LaTeX.

See the LaTeX manual or LaTeX Companion for explanation.
Type  H <return>  for immediate help.
 ...                                              
                                                  
l.49 \end{verbatim}
                   
You may provide a definition with
\DeclareUnicodeCharacter 


./main_page.tex:49: LaTeX Error: Unicode character и (U+0438)
               not set up for use with LaTeX.

See the LaTeX manual or LaTeX Companion for explanation.
Type  H <return>  for immediate help.
 ...                                              
                                                  
l.49 \end{verbatim}
                   
You may provide a definition with
\DeclareUnicodeCharacter 


./main_page.tex:49: LaTeX Error: Unicode character е (U+0435)
               not set up for use with LaTeX.

See the LaTeX manual or LaTeX Companion for explanation.
Type  H <return>  for immediate help.
 ...                                              
                                                  
l.49 \end{verbatim}
                   
You may provide a definition with
\DeclareUnicodeCharacter 


./main_page.tex:49: LaTeX Error: Unicode character з (U+0437)
               not set up for use with LaTeX.

See the LaTeX manual or LaTeX Companion for explanation.
Type  H <return>  for immediate help.
 ...                                              
                                                  
l.49 \end{verbatim}
                   
You may provide a definition with
\DeclareUnicodeCharacter 


./main_page.tex:49: LaTeX Error: Unicode character а (U+0430)
               not set up for use with LaTeX.

See the LaTeX manual or LaTeX Companion for explanation.
Type  H <return>  for immediate help.
 ...                                              
                                                  
l.49 \end{verbatim}
                   
You may provide a definition with
\DeclareUnicodeCharacter 


./main_page.tex:49: LaTeX Error: Unicode character д (U+0434)
               not set up for use with LaTeX.

See the LaTeX manual or LaTeX Companion for explanation.
Type  H <return>  for immediate help.
 ...                                              
                                                  
l.49 \end{verbatim}
                   
You may provide a definition with
\DeclareUnicodeCharacter 


./main_page.tex:49: LaTeX Error: Unicode character а (U+0430)
               not set up for use with LaTeX.

See the LaTeX manual or LaTeX Companion for explanation.
Type  H <return>  for immediate help.
 ...                                              
                                                  
l.49 \end{verbatim}
                   
You may provide a definition with
\DeclareUnicodeCharacter 


./main_page.tex:49: LaTeX Error: Unicode character н (U+043D)
               not set up for use with LaTeX.

See the LaTeX manual or LaTeX Companion for explanation.
Type  H <return>  for immediate help.
 ...                                              
                                                  
l.49 \end{verbatim}
                   
You may provide a definition with
\DeclareUnicodeCharacter 


./main_page.tex:49: LaTeX Error: Unicode character и (U+0438)
               not set up for use with LaTeX.

See the LaTeX manual or LaTeX Companion for explanation.
Type  H <return>  for immediate help.
 ...                                              
                                                  
l.49 \end{verbatim}
                   
You may provide a definition with
\DeclareUnicodeCharacter 


./main_page.tex:49: LaTeX Error: Unicode character я (U+044F)
               not set up for use with LaTeX.

See the LaTeX manual or LaTeX Companion for explanation.
Type  H <return>  for immediate help.
 ...                                              
                                                  
l.49 \end{verbatim}
                   
You may provide a definition with
\DeclareUnicodeCharacter 


./main_page.tex:49: LaTeX Error: Unicode character с (U+0441)
               not set up for use with LaTeX.

See the LaTeX manual or LaTeX Companion for explanation.
Type  H <return>  for immediate help.
 ...                                              
                                                  
l.49 \end{verbatim}
                   
You may provide a definition with
\DeclareUnicodeCharacter 


./main_page.tex:49: LaTeX Error: Unicode character в (U+0432)
               not set up for use with LaTeX.

See the LaTeX manual or LaTeX Companion for explanation.
Type  H <return>  for immediate help.
 ...                                              
                                                  
l.49 \end{verbatim}
                   
You may provide a definition with
\DeclareUnicodeCharacter 


./main_page.tex:49: LaTeX Error: Unicode character я (U+044F)
               not set up for use with LaTeX.

See the LaTeX manual or LaTeX Companion for explanation.
Type  H <return>  for immediate help.
 ...                                              
                                                  
l.49 \end{verbatim}
                   
You may provide a definition with
\DeclareUnicodeCharacter 


./main_page.tex:49: LaTeX Error: Unicode character з (U+0437)
               not set up for use with LaTeX.

See the LaTeX manual or LaTeX Companion for explanation.
Type  H <return>  for immediate help.
 ...                                              
                                                  
l.49 \end{verbatim}
                   
You may provide a definition with
\DeclareUnicodeCharacter 


./main_page.tex:49: LaTeX Error: Unicode character а (U+0430)
               not set up for use with LaTeX.

See the LaTeX manual or LaTeX Companion for explanation.
Type  H <return>  for immediate help.
 ...                                              
                                                  
l.49 \end{verbatim}
                   
You may provide a definition with
\DeclareUnicodeCharacter 


./main_page.tex:49: LaTeX Error: Unicode character н (U+043D)
               not set up for use with LaTeX.

See the LaTeX manual or LaTeX Companion for explanation.
Type  H <return>  for immediate help.
 ...                                              
                                                  
l.49 \end{verbatim}
                   
You may provide a definition with
\DeclareUnicodeCharacter 


./main_page.tex:49: LaTeX Error: Unicode character н (U+043D)
               not set up for use with LaTeX.

See the LaTeX manual or LaTeX Companion for explanation.
Type  H <return>  for immediate help.
 ...                                              
                                                  
l.49 \end{verbatim}
                   
You may provide a definition with
\DeclareUnicodeCharacter 


./main_page.tex:49: LaTeX Error: Unicode character ы (U+044B)
               not set up for use with LaTeX.

See the LaTeX manual or LaTeX Companion for explanation.
Type  H <return>  for immediate help.
 ...                                              
                                                  
l.49 \end{verbatim}
                   
You may provide a definition with
\DeclareUnicodeCharacter 


./main_page.tex:49: LaTeX Error: Unicode character е (U+0435)
               not set up for use with LaTeX.

See the LaTeX manual or LaTeX Companion for explanation.
Type  H <return>  for immediate help.
 ...                                              
                                                  
l.49 \end{verbatim}
                   
You may provide a definition with
\DeclareUnicodeCharacter 


./main_page.tex:49: LaTeX Error: Unicode character с (U+0441)
               not set up for use with LaTeX.

See the LaTeX manual or LaTeX Companion for explanation.
Type  H <return>  for immediate help.
 ...                                              
                                                  
l.49 \end{verbatim}
                   
You may provide a definition with
\DeclareUnicodeCharacter 


./main_page.tex:49: LaTeX Error: Unicode character о (U+043E)
               not set up for use with LaTeX.

See the LaTeX manual or LaTeX Companion for explanation.
Type  H <return>  for immediate help.
 ...                                              
                                                  
l.49 \end{verbatim}
                   
You may provide a definition with
\DeclareUnicodeCharacter 


./main_page.tex:49: LaTeX Error: Unicode character п (U+043F)
               not set up for use with LaTeX.

See the LaTeX manual or LaTeX Companion for explanation.
Type  H <return>  for immediate help.
 ...                                              
                                                  
l.49 \end{verbatim}
                   
You may provide a definition with
\DeclareUnicodeCharacter 


./main_page.tex:49: LaTeX Error: Unicode character е (U+0435)
               not set up for use with LaTeX.

See the LaTeX manual or LaTeX Companion for explanation.
Type  H <return>  for immediate help.
 ...                                              
                                                  
l.49 \end{verbatim}
                   
You may provide a definition with
\DeclareUnicodeCharacter 


./main_page.tex:49: LaTeX Error: Unicode character р (U+0440)
               not set up for use with LaTeX.

See the LaTeX manual or LaTeX Companion for explanation.
Type  H <return>  for immediate help.
 ...                                              
                                                  
l.49 \end{verbatim}
                   
You may provide a definition with
\DeclareUnicodeCharacter 


./main_page.tex:49: LaTeX Error: Unicode character а (U+0430)
               not set up for use with LaTeX.

See the LaTeX manual or LaTeX Companion for explanation.
Type  H <return>  for immediate help.
 ...                                              
                                                  
l.49 \end{verbatim}
                   
You may provide a definition with
\DeclareUnicodeCharacter 


./main_page.tex:49: LaTeX Error: Unicode character ц (U+0446)
               not set up for use with LaTeX.

See the LaTeX manual or LaTeX Companion for explanation.
Type  H <return>  for immediate help.
 ...                                              
                                                  
l.49 \end{verbatim}
                   
You may provide a definition with
\DeclareUnicodeCharacter 


./main_page.tex:49: LaTeX Error: Unicode character и (U+0438)
               not set up for use with LaTeX.

See the LaTeX manual or LaTeX Companion for explanation.
Type  H <return>  for immediate help.
 ...                                              
                                                  
l.49 \end{verbatim}
                   
You may provide a definition with
\DeclareUnicodeCharacter 


./main_page.tex:49: LaTeX Error: Unicode character о (U+043E)
               not set up for use with LaTeX.

See the LaTeX manual or LaTeX Companion for explanation.
Type  H <return>  for immediate help.
 ...                                              
                                                  
l.49 \end{verbatim}
                   
You may provide a definition with
\DeclareUnicodeCharacter 


./main_page.tex:49: LaTeX Error: Unicode character н (U+043D)
               not set up for use with LaTeX.

See the LaTeX manual or LaTeX Companion for explanation.
Type  H <return>  for immediate help.
 ...                                              
                                                  
l.49 \end{verbatim}
                   
You may provide a definition with
\DeclareUnicodeCharacter 


./main_page.tex:49: LaTeX Error: Unicode character н (U+043D)
               not set up for use with LaTeX.

See the LaTeX manual or LaTeX Companion for explanation.
Type  H <return>  for immediate help.
 ...                                              
                                                  
l.49 \end{verbatim}
                   
You may provide a definition with
\DeclareUnicodeCharacter 


./main_page.tex:49: LaTeX Error: Unicode character о (U+043E)
               not set up for use with LaTeX.

See the LaTeX manual or LaTeX Companion for explanation.
Type  H <return>  for immediate help.
 ...                                              
                                                  
l.49 \end{verbatim}
                   
You may provide a definition with
\DeclareUnicodeCharacter 


./main_page.tex:49: LaTeX Error: Unicode character й (U+0439)
               not set up for use with LaTeX.

See the LaTeX manual or LaTeX Companion for explanation.
Type  H <return>  for immediate help.
 ...                                              
                                                  
l.49 \end{verbatim}
                   
You may provide a definition with
\DeclareUnicodeCharacter 


./main_page.tex:49: LaTeX Error: Unicode character с (U+0441)
               not set up for use with LaTeX.

See the LaTeX manual or LaTeX Companion for explanation.
Type  H <return>  for immediate help.
 ...                                              
                                                  
l.49 \end{verbatim}
                   
You may provide a definition with
\DeclareUnicodeCharacter 


./main_page.tex:49: LaTeX Error: Unicode character и (U+0438)
               not set up for use with LaTeX.

See the LaTeX manual or LaTeX Companion for explanation.
Type  H <return>  for immediate help.
 ...                                              
                                                  
l.49 \end{verbatim}
                   
You may provide a definition with
\DeclareUnicodeCharacter 


./main_page.tex:49: LaTeX Error: Unicode character с (U+0441)
               not set up for use with LaTeX.

See the LaTeX manual or LaTeX Companion for explanation.
Type  H <return>  for immediate help.
 ...                                              
                                                  
l.49 \end{verbatim}
                   
You may provide a definition with
\DeclareUnicodeCharacter 


./main_page.tex:49: LaTeX Error: Unicode character т (U+0442)
               not set up for use with LaTeX.

See the LaTeX manual or LaTeX Companion for explanation.
Type  H <return>  for immediate help.
 ...                                              
                                                  
l.49 \end{verbatim}
                   
You may provide a definition with
\DeclareUnicodeCharacter 


./main_page.tex:49: LaTeX Error: Unicode character е (U+0435)
               not set up for use with LaTeX.

See the LaTeX manual or LaTeX Companion for explanation.
Type  H <return>  for immediate help.
 ...                                              
                                                  
l.49 \end{verbatim}
                   
You may provide a definition with
\DeclareUnicodeCharacter 


./main_page.tex:49: LaTeX Error: Unicode character м (U+043C)
               not set up for use with LaTeX.

See the LaTeX manual or LaTeX Companion for explanation.
Type  H <return>  for immediate help.
 ...                                              
                                                  
l.49 \end{verbatim}
                   
You may provide a definition with
\DeclareUnicodeCharacter 


./main_page.tex:49: LaTeX Error: Unicode character о (U+043E)
               not set up for use with LaTeX.

See the LaTeX manual or LaTeX Companion for explanation.
Type  H <return>  for immediate help.
 ...                                              
                                                  
l.49 \end{verbatim}
                   
You may provide a definition with
\DeclareUnicodeCharacter 


./main_page.tex:49: LaTeX Error: Unicode character й (U+0439)
               not set up for use with LaTeX.

See the LaTeX manual or LaTeX Companion for explanation.
Type  H <return>  for immediate help.
 ...                                              
                                                  
l.49 \end{verbatim}
                   
You may provide a definition with
\DeclareUnicodeCharacter 


Overfull \hbox (115.499pt too wide) in paragraph at lines 49--49
[]            \OT1/cmtt/m/n/10 ,     xv6:[] 
 []


./main_page.tex:49: LaTeX Error: Unicode character Р (U+0420)
               not set up for use with LaTeX.

See the LaTeX manual or LaTeX Companion for explanation.
Type  H <return>  for immediate help.
 ...                                              
                                                  
l.49 \end{verbatim}
                   
You may provide a definition with
\DeclareUnicodeCharacter 


./main_page.tex:49: LaTeX Error: Unicode character а (U+0430)
               not set up for use with LaTeX.

See the LaTeX manual or LaTeX Companion for explanation.
Type  H <return>  for immediate help.
 ...                                              
                                                  
l.49 \end{verbatim}
                   
You may provide a definition with
\DeclareUnicodeCharacter 


./main_page.tex:49: LaTeX Error: Unicode character б (U+0431)
               not set up for use with LaTeX.

See the LaTeX manual or LaTeX Companion for explanation.
Type  H <return>  for immediate help.
 ...                                              
                                                  
l.49 \end{verbatim}
                   
You may provide a definition with
\DeclareUnicodeCharacter 


./main_page.tex:49: LaTeX Error: Unicode character о (U+043E)
               not set up for use with LaTeX.

See the LaTeX manual or LaTeX Companion for explanation.
Type  H <return>  for immediate help.
 ...                                              
                                                  
l.49 \end{verbatim}
                   
You may provide a definition with
\DeclareUnicodeCharacter 


./main_page.tex:49: LaTeX Error: Unicode character т (U+0442)
               not set up for use with LaTeX.

See the LaTeX manual or LaTeX Companion for explanation.
Type  H <return>  for immediate help.
 ...                                              
                                                  
l.49 \end{verbatim}
                   
You may provide a definition with
\DeclareUnicodeCharacter 


./main_page.tex:49: LaTeX Error: Unicode character а (U+0430)
               not set up for use with LaTeX.

See the LaTeX manual or LaTeX Companion for explanation.
Type  H <return>  for immediate help.
 ...                                              
                                                  
l.49 \end{verbatim}
                   
You may provide a definition with
\DeclareUnicodeCharacter 


./main_page.tex:49: LaTeX Error: Unicode character с (U+0441)
               not set up for use with LaTeX.

See the LaTeX manual or LaTeX Companion for explanation.
Type  H <return>  for immediate help.
 ...                                              
                                                  
l.49 \end{verbatim}
                   
You may provide a definition with
\DeclareUnicodeCharacter 


./main_page.tex:49: LaTeX Error: Unicode character и (U+0438)
               not set up for use with LaTeX.

See the LaTeX manual or LaTeX Companion for explanation.
Type  H <return>  for immediate help.
 ...                                              
                                                  
l.49 \end{verbatim}
                   
You may provide a definition with
\DeclareUnicodeCharacter 


./main_page.tex:49: LaTeX Error: Unicode character п (U+043F)
               not set up for use with LaTeX.

See the LaTeX manual or LaTeX Companion for explanation.
Type  H <return>  for immediate help.
 ...                                              
                                                  
l.49 \end{verbatim}
                   
You may provide a definition with
\DeclareUnicodeCharacter 


./main_page.tex:49: LaTeX Error: Unicode character р (U+0440)
               not set up for use with LaTeX.

See the LaTeX manual or LaTeX Companion for explanation.
Type  H <return>  for immediate help.
 ...                                              
                                                  
l.49 \end{verbatim}
                   
You may provide a definition with
\DeclareUnicodeCharacter 


./main_page.tex:49: LaTeX Error: Unicode character о (U+043E)
               not set up for use with LaTeX.

See the LaTeX manual or LaTeX Companion for explanation.
Type  H <return>  for immediate help.
 ...                                              
                                                  
l.49 \end{verbatim}
                   
You may provide a definition with
\DeclareUnicodeCharacter 


./main_page.tex:49: LaTeX Error: Unicode character г (U+0433)
               not set up for use with LaTeX.

See the LaTeX manual or LaTeX Companion for explanation.
Type  H <return>  for immediate help.
 ...                                              
                                                  
l.49 \end{verbatim}
                   
You may provide a definition with
\DeclareUnicodeCharacter 


./main_page.tex:49: LaTeX Error: Unicode character р (U+0440)
               not set up for use with LaTeX.

See the LaTeX manual or LaTeX Companion for explanation.
Type  H <return>  for immediate help.
 ...                                              
                                                  
l.49 \end{verbatim}
                   
You may provide a definition with
\DeclareUnicodeCharacter 


./main_page.tex:49: LaTeX Error: Unicode character а (U+0430)
               not set up for use with LaTeX.

See the LaTeX manual or LaTeX Companion for explanation.
Type  H <return>  for immediate help.
 ...                                              
                                                  
l.49 \end{verbatim}
                   
You may provide a definition with
\DeclareUnicodeCharacter 


./main_page.tex:49: LaTeX Error: Unicode character м (U+043C)
               not set up for use with LaTeX.

See the LaTeX manual or LaTeX Companion for explanation.
Type  H <return>  for immediate help.
 ...                                              
                                                  
l.49 \end{verbatim}
                   
You may provide a definition with
\DeclareUnicodeCharacter 


./main_page.tex:49: LaTeX Error: Unicode character м (U+043C)
               not set up for use with LaTeX.

See the LaTeX manual or LaTeX Companion for explanation.
Type  H <return>  for immediate help.
 ...                                              
                                                  
l.49 \end{verbatim}
                   
You may provide a definition with
\DeclareUnicodeCharacter 


./main_page.tex:49: LaTeX Error: Unicode character о (U+043E)
               not set up for use with LaTeX.

See the LaTeX manual or LaTeX Companion for explanation.
Type  H <return>  for immediate help.
 ...                                              
                                                  
l.49 \end{verbatim}
                   
You may provide a definition with
\DeclareUnicodeCharacter 


./main_page.tex:49: LaTeX Error: Unicode character й (U+0439)
               not set up for use with LaTeX.

See the LaTeX manual or LaTeX Companion for explanation.
Type  H <return>  for immediate help.
 ...                                              
                                                  
l.49 \end{verbatim}
                   
You may provide a definition with
\DeclareUnicodeCharacter 


Overfull \hbox (173.24849pt too wide) in paragraph at lines 49--49
[]\OT1/cmtt/m/n/10 1. **  Unix Pipes   pingpong.c:**[] 
 []


./main_page.tex:49: LaTeX Error: Unicode character Д (U+0414)
               not set up for use with LaTeX.

See the LaTeX manual or LaTeX Companion for explanation.
Type  H <return>  for immediate help.
 ...                                              
                                                  
l.49 \end{verbatim}
                   
You may provide a definition with
\DeclareUnicodeCharacter 


./main_page.tex:49: LaTeX Error: Unicode character л (U+043B)
               not set up for use with LaTeX.

See the LaTeX manual or LaTeX Companion for explanation.
Type  H <return>  for immediate help.
 ...                                              
                                                  
l.49 \end{verbatim}
                   
You may provide a definition with
\DeclareUnicodeCharacter 


./main_page.tex:49: LaTeX Error: Unicode character я (U+044F)
               not set up for use with LaTeX.

See the LaTeX manual or LaTeX Companion for explanation.
Type  H <return>  for immediate help.
 ...                                              
                                                  
l.49 \end{verbatim}
                   
You may provide a definition with
\DeclareUnicodeCharacter 


./main_page.tex:49: LaTeX Error: Unicode character н (U+043D)
               not set up for use with LaTeX.

See the LaTeX manual or LaTeX Companion for explanation.
Type  H <return>  for immediate help.
 ...                                              
                                                  
l.49 \end{verbatim}
                   
You may provide a definition with
\DeclareUnicodeCharacter 


./main_page.tex:49: LaTeX Error: Unicode character а (U+0430)
               not set up for use with LaTeX.

See the LaTeX manual or LaTeX Companion for explanation.
Type  H <return>  for immediate help.
 ...                                              
                                                  
l.49 \end{verbatim}
                   
You may provide a definition with
\DeclareUnicodeCharacter 


./main_page.tex:49: LaTeX Error: Unicode character ч (U+0447)
               not set up for use with LaTeX.

See the LaTeX manual or LaTeX Companion for explanation.
Type  H <return>  for immediate help.
 ...                                              
                                                  
l.49 \end{verbatim}
                   
You may provide a definition with
\DeclareUnicodeCharacter 


./main_page.tex:49: LaTeX Error: Unicode character а (U+0430)
               not set up for use with LaTeX.

See the LaTeX manual or LaTeX Companion for explanation.
Type  H <return>  for immediate help.
 ...                                              
                                                  
l.49 \end{verbatim}
                   
You may provide a definition with
\DeclareUnicodeCharacter 


./main_page.tex:49: LaTeX Error: Unicode character л (U+043B)
               not set up for use with LaTeX.

See the LaTeX manual or LaTeX Companion for explanation.
Type  H <return>  for immediate help.
 ...                                              
                                                  
l.49 \end{verbatim}
                   
You may provide a definition with
\DeclareUnicodeCharacter 


./main_page.tex:49: LaTeX Error: Unicode character а (U+0430)
               not set up for use with LaTeX.

See the LaTeX manual or LaTeX Companion for explanation.
Type  H <return>  for immediate help.
 ...                                              
                                                  
l.49 \end{verbatim}
                   
You may provide a definition with
\DeclareUnicodeCharacter 


./main_page.tex:49: LaTeX Error: Unicode character м (U+043C)
               not set up for use with LaTeX.

See the LaTeX manual or LaTeX Companion for explanation.
Type  H <return>  for immediate help.
 ...                                              
                                                  
l.49 \end{verbatim}
                   
You may provide a definition with
\DeclareUnicodeCharacter 


./main_page.tex:49: LaTeX Error: Unicode character ы (U+044B)
               not set up for use with LaTeX.

See the LaTeX manual or LaTeX Companion for explanation.
Type  H <return>  for immediate help.
 ...                                              
                                                  
l.49 \end{verbatim}
                   
You may provide a definition with
\DeclareUnicodeCharacter 


./main_page.tex:49: LaTeX Error: Unicode character о (U+043E)
               not set up for use with LaTeX.

See the LaTeX manual or LaTeX Companion for explanation.
Type  H <return>  for immediate help.
 ...                                              
                                                  
l.49 \end{verbatim}
                   
You may provide a definition with
\DeclareUnicodeCharacter 


./main_page.tex:49: LaTeX Error: Unicode character з (U+0437)
               not set up for use with LaTeX.

See the LaTeX manual or LaTeX Companion for explanation.
Type  H <return>  for immediate help.
 ...                                              
                                                  
l.49 \end{verbatim}
                   
You may provide a definition with
\DeclareUnicodeCharacter 


./main_page.tex:49: LaTeX Error: Unicode character н (U+043D)
               not set up for use with LaTeX.

See the LaTeX manual or LaTeX Companion for explanation.
Type  H <return>  for immediate help.
 ...                                              
                                                  
l.49 \end{verbatim}
                   
You may provide a definition with
\DeclareUnicodeCharacter 


./main_page.tex:49: LaTeX Error: Unicode character а (U+0430)
               not set up for use with LaTeX.

See the LaTeX manual or LaTeX Companion for explanation.
Type  H <return>  for immediate help.
 ...                                              
                                                  
l.49 \end{verbatim}
                   
You may provide a definition with
\DeclareUnicodeCharacter 


./main_page.tex:49: LaTeX Error: Unicode character к (U+043A)
               not set up for use with LaTeX.

See the LaTeX manual or LaTeX Companion for explanation.
Type  H <return>  for immediate help.
 ...                                              
                                                  
l.49 \end{verbatim}
                   
You may provide a definition with
\DeclareUnicodeCharacter 


./main_page.tex:49: LaTeX Error: Unicode character о (U+043E)
               not set up for use with LaTeX.

See the LaTeX manual or LaTeX Companion for explanation.
Type  H <return>  for immediate help.
 ...                                              
                                                  
l.49 \end{verbatim}
                   
You may provide a definition with
\DeclareUnicodeCharacter 


./main_page.tex:49: LaTeX Error: Unicode character м (U+043C)
               not set up for use with LaTeX.

See the LaTeX manual or LaTeX Companion for explanation.
Type  H <return>  for immediate help.
 ...                                              
                                                  
l.49 \end{verbatim}
                   
You may provide a definition with
\DeclareUnicodeCharacter 


./main_page.tex:49: LaTeX Error: Unicode character и (U+0438)
               not set up for use with LaTeX.

See the LaTeX manual or LaTeX Companion for explanation.
Type  H <return>  for immediate help.
 ...                                              
                                                  
l.49 \end{verbatim}
                   
You may provide a definition with
\DeclareUnicodeCharacter 


./main_page.tex:49: LaTeX Error: Unicode character л (U+043B)
               not set up for use with LaTeX.

See the LaTeX manual or LaTeX Companion for explanation.
Type  H <return>  for immediate help.
 ...                                              
                                                  
l.49 \end{verbatim}
                   
You may provide a definition with
\DeclareUnicodeCharacter 


./main_page.tex:49: LaTeX Error: Unicode character и (U+0438)
               not set up for use with LaTeX.

See the LaTeX manual or LaTeX Companion for explanation.
Type  H <return>  for immediate help.
 ...                                              
                                                  
l.49 \end{verbatim}
                   
You may provide a definition with
\DeclareUnicodeCharacter 


./main_page.tex:49: LaTeX Error: Unicode character с (U+0441)
               not set up for use with LaTeX.

See the LaTeX manual or LaTeX Companion for explanation.
Type  H <return>  for immediate help.
 ...                                              
                                                  
l.49 \end{verbatim}
                   
You may provide a definition with
\DeclareUnicodeCharacter 


./main_page.tex:49: LaTeX Error: Unicode character ь (U+044C)
               not set up for use with LaTeX.

See the LaTeX manual or LaTeX Companion for explanation.
Type  H <return>  for immediate help.
 ...                                              
                                                  
l.49 \end{verbatim}
                   
You may provide a definition with
\DeclareUnicodeCharacter 


./main_page.tex:49: LaTeX Error: Unicode character с (U+0441)
               not set up for use with LaTeX.

See the LaTeX manual or LaTeX Companion for explanation.
Type  H <return>  for immediate help.
 ...                                              
                                                  
l.49 \end{verbatim}
                   
You may provide a definition with
\DeclareUnicodeCharacter 


./main_page.tex:49: LaTeX Error: Unicode character о (U+043E)
               not set up for use with LaTeX.

See the LaTeX manual or LaTeX Companion for explanation.
Type  H <return>  for immediate help.
 ...                                              
                                                  
l.49 \end{verbatim}
                   
You may provide a definition with
\DeclareUnicodeCharacter 


./main_page.tex:49: LaTeX Error: Unicode character с (U+0441)
               not set up for use with LaTeX.

See the LaTeX manual or LaTeX Companion for explanation.
Type  H <return>  for immediate help.
 ...                                              
                                                  
l.49 \end{verbatim}
                   
You may provide a definition with
\DeclareUnicodeCharacter 


./main_page.tex:49: LaTeX Error: Unicode character н (U+043D)
               not set up for use with LaTeX.

See the LaTeX manual or LaTeX Companion for explanation.
Type  H <return>  for immediate help.
 ...                                              
                                                  
l.49 \end{verbatim}
                   
You may provide a definition with
\DeclareUnicodeCharacter 


./main_page.tex:49: LaTeX Error: Unicode character о (U+043E)
               not set up for use with LaTeX.

See the LaTeX manual or LaTeX Companion for explanation.
Type  H <return>  for immediate help.
 ...                                              
                                                  
l.49 \end{verbatim}
                   
You may provide a definition with
\DeclareUnicodeCharacter 


./main_page.tex:49: LaTeX Error: Unicode character в (U+0432)
               not set up for use with LaTeX.

See the LaTeX manual or LaTeX Companion for explanation.
Type  H <return>  for immediate help.
 ...                                              
                                                  
l.49 \end{verbatim}
                   
You may provide a definition with
\DeclareUnicodeCharacter 


./main_page.tex:49: LaTeX Error: Unicode character а (U+0430)
               not set up for use with LaTeX.

See the LaTeX manual or LaTeX Companion for explanation.
Type  H <return>  for immediate help.
 ...                                              
                                                  
l.49 \end{verbatim}
                   
You may provide a definition with
\DeclareUnicodeCharacter 


./main_page.tex:49: LaTeX Error: Unicode character м (U+043C)
               not set up for use with LaTeX.

See the LaTeX manual or LaTeX Companion for explanation.
Type  H <return>  for immediate help.
 ...                                              
                                                  
l.49 \end{verbatim}
                   
You may provide a definition with
\DeclareUnicodeCharacter 


./main_page.tex:49: LaTeX Error: Unicode character и (U+0438)
               not set up for use with LaTeX.

See the LaTeX manual or LaTeX Companion for explanation.
Type  H <return>  for immediate help.
 ...                                              
                                                  
l.49 \end{verbatim}
                   
You may provide a definition with
\DeclareUnicodeCharacter 


./main_page.tex:49: LaTeX Error: Unicode character о (U+043E)
               not set up for use with LaTeX.

See the LaTeX manual or LaTeX Companion for explanation.
Type  H <return>  for immediate help.
 ...                                              
                                                  
l.49 \end{verbatim}
                   
You may provide a definition with
\DeclareUnicodeCharacter 


./main_page.tex:49: LaTeX Error: Unicode character п (U+043F)
               not set up for use with LaTeX.

See the LaTeX manual or LaTeX Companion for explanation.
Type  H <return>  for immediate help.
 ...                                              
                                                  
l.49 \end{verbatim}
                   
You may provide a definition with
\DeclareUnicodeCharacter 


./main_page.tex:49: LaTeX Error: Unicode character е (U+0435)
               not set up for use with LaTeX.

See the LaTeX manual or LaTeX Companion for explanation.
Type  H <return>  for immediate help.
 ...                                              
                                                  
l.49 \end{verbatim}
                   
You may provide a definition with
\DeclareUnicodeCharacter 


./main_page.tex:49: LaTeX Error: Unicode character р (U+0440)
               not set up for use with LaTeX.

See the LaTeX manual or LaTeX Companion for explanation.
Type  H <return>  for immediate help.
 ...                                              
                                                  
l.49 \end{verbatim}
                   
You may provide a definition with
\DeclareUnicodeCharacter 


./main_page.tex:49: LaTeX Error: Unicode character а (U+0430)
               not set up for use with LaTeX.

See the LaTeX manual or LaTeX Companion for explanation.
Type  H <return>  for immediate help.
 ...                                              
                                                  
l.49 \end{verbatim}
                   
You may provide a definition with
\DeclareUnicodeCharacter 


./main_page.tex:49: LaTeX Error: Unicode character ц (U+0446)
               not set up for use with LaTeX.

See the LaTeX manual or LaTeX Companion for explanation.
Type  H <return>  for immediate help.
 ...                                              
                                                  
l.49 \end{verbatim}
                   
You may provide a definition with
\DeclareUnicodeCharacter 


./main_page.tex:49: LaTeX Error: Unicode character и (U+0438)
               not set up for use with LaTeX.

See the LaTeX manual or LaTeX Companion for explanation.
Type  H <return>  for immediate help.
 ...                                              
                                                  
l.49 \end{verbatim}
                   
You may provide a definition with
\DeclareUnicodeCharacter 


./main_page.tex:49: LaTeX Error: Unicode character о (U+043E)
               not set up for use with LaTeX.

See the LaTeX manual or LaTeX Companion for explanation.
Type  H <return>  for immediate help.
 ...                                              
                                                  
l.49 \end{verbatim}
                   
You may provide a definition with
\DeclareUnicodeCharacter 


./main_page.tex:49: LaTeX Error: Unicode character н (U+043D)
               not set up for use with LaTeX.

See the LaTeX manual or LaTeX Companion for explanation.
Type  H <return>  for immediate help.
 ...                                              
                                                  
l.49 \end{verbatim}
                   
You may provide a definition with
\DeclareUnicodeCharacter 


./main_page.tex:49: LaTeX Error: Unicode character н (U+043D)
               not set up for use with LaTeX.

See the LaTeX manual or LaTeX Companion for explanation.
Type  H <return>  for immediate help.
 ...                                              
                                                  
l.49 \end{verbatim}
                   
You may provide a definition with
\DeclareUnicodeCharacter 


./main_page.tex:49: LaTeX Error: Unicode character о (U+043E)
               not set up for use with LaTeX.

See the LaTeX manual or LaTeX Companion for explanation.
Type  H <return>  for immediate help.
 ...                                              
                                                  
l.49 \end{verbatim}
                   
You may provide a definition with
\DeclareUnicodeCharacter 


./main_page.tex:49: LaTeX Error: Unicode character й (U+0439)
               not set up for use with LaTeX.

See the LaTeX manual or LaTeX Companion for explanation.
Type  H <return>  for immediate help.
 ...                                              
                                                  
l.49 \end{verbatim}
                   
You may provide a definition with
\DeclareUnicodeCharacter 


./main_page.tex:49: LaTeX Error: Unicode character с (U+0441)
               not set up for use with LaTeX.

See the LaTeX manual or LaTeX Companion for explanation.
Type  H <return>  for immediate help.
 ...                                              
                                                  
l.49 \end{verbatim}
                   
You may provide a definition with
\DeclareUnicodeCharacter 


./main_page.tex:49: LaTeX Error: Unicode character и (U+0438)
               not set up for use with LaTeX.

See the LaTeX manual or LaTeX Companion for explanation.
Type  H <return>  for immediate help.
 ...                                              
                                                  
l.49 \end{verbatim}
                   
You may provide a definition with
\DeclareUnicodeCharacter 


./main_page.tex:49: LaTeX Error: Unicode character с (U+0441)
               not set up for use with LaTeX.

See the LaTeX manual or LaTeX Companion for explanation.
Type  H <return>  for immediate help.
 ...                                              
                                                  
l.49 \end{verbatim}
                   
You may provide a definition with
\DeclareUnicodeCharacter 


./main_page.tex:49: LaTeX Error: Unicode character т (U+0442)
               not set up for use with LaTeX.

See the LaTeX manual or LaTeX Companion for explanation.
Type  H <return>  for immediate help.
 ...                                              
                                                  
l.49 \end{verbatim}
                   
You may provide a definition with
\DeclareUnicodeCharacter 


./main_page.tex:49: LaTeX Error: Unicode character е (U+0435)
               not set up for use with LaTeX.

See the LaTeX manual or LaTeX Companion for explanation.
Type  H <return>  for immediate help.
 ...                                              
                                                  
l.49 \end{verbatim}
                   
You may provide a definition with
\DeclareUnicodeCharacter 


./main_page.tex:49: LaTeX Error: Unicode character м (U+043C)
               not set up for use with LaTeX.

See the LaTeX manual or LaTeX Companion for explanation.
Type  H <return>  for immediate help.
 ...                                              
                                                  
l.49 \end{verbatim}
                   
You may provide a definition with
\DeclareUnicodeCharacter 


./main_page.tex:49: LaTeX Error: Unicode character ы (U+044B)
               not set up for use with LaTeX.

See the LaTeX manual or LaTeX Companion for explanation.
Type  H <return>  for immediate help.
 ...                                              
                                                  
l.49 \end{verbatim}
                   
You may provide a definition with
\DeclareUnicodeCharacter 


./main_page.tex:49: LaTeX Error: Unicode character а (U+0430)
               not set up for use with LaTeX.

See the LaTeX manual or LaTeX Companion for explanation.
Type  H <return>  for immediate help.
 ...                                              
                                                  
l.49 \end{verbatim}
                   
You may provide a definition with
\DeclareUnicodeCharacter 


./main_page.tex:49: LaTeX Error: Unicode character т (U+0442)
               not set up for use with LaTeX.

See the LaTeX manual or LaTeX Companion for explanation.
Type  H <return>  for immediate help.
 ...                                              
                                                  
l.49 \end{verbatim}
                   
You may provide a definition with
\DeclareUnicodeCharacter 


./main_page.tex:49: LaTeX Error: Unicode character а (U+0430)
               not set up for use with LaTeX.

See the LaTeX manual or LaTeX Companion for explanation.
Type  H <return>  for immediate help.
 ...                                              
                                                  
l.49 \end{verbatim}
                   
You may provide a definition with
\DeclareUnicodeCharacter 


./main_page.tex:49: LaTeX Error: Unicode character к (U+043A)
               not set up for use with LaTeX.

See the LaTeX manual or LaTeX Companion for explanation.
Type  H <return>  for immediate help.
 ...                                              
                                                  
l.49 \end{verbatim}
                   
You may provide a definition with
\DeclareUnicodeCharacter 


./main_page.tex:49: LaTeX Error: Unicode character ж (U+0436)
               not set up for use with LaTeX.

See the LaTeX manual or LaTeX Companion for explanation.
Type  H <return>  for immediate help.
 ...                                              
                                                  
l.49 \end{verbatim}
                   
You may provide a definition with
\DeclareUnicodeCharacter 


./main_page.tex:49: LaTeX Error: Unicode character е (U+0435)
               not set up for use with LaTeX.

See the LaTeX manual or LaTeX Companion for explanation.
Type  H <return>  for immediate help.
 ...                                              
                                                  
l.49 \end{verbatim}
                   
You may provide a definition with
\DeclareUnicodeCharacter 


./main_page.tex:49: LaTeX Error: Unicode character и (U+0438)
               not set up for use with LaTeX.

See the LaTeX manual or LaTeX Companion for explanation.
Type  H <return>  for immediate help.
 ...                                              
                                                  
l.49 \end{verbatim}
                   
You may provide a definition with
\DeclareUnicodeCharacter 


./main_page.tex:49: LaTeX Error: Unicode character з (U+0437)
               not set up for use with LaTeX.

See the LaTeX manual or LaTeX Companion for explanation.
Type  H <return>  for immediate help.
 ...                                              
                                                  
l.49 \end{verbatim}
                   
You may provide a definition with
\DeclareUnicodeCharacter 


./main_page.tex:49: LaTeX Error: Unicode character у (U+0443)
               not set up for use with LaTeX.

See the LaTeX manual or LaTeX Companion for explanation.
Type  H <return>  for immediate help.
 ...                                              
                                                  
l.49 \end{verbatim}
                   
You may provide a definition with
\DeclareUnicodeCharacter 


./main_page.tex:49: LaTeX Error: Unicode character ч (U+0447)
               not set up for use with LaTeX.

See the LaTeX manual or LaTeX Companion for explanation.
Type  H <return>  for immediate help.
 ...                                              
                                                  
l.49 \end{verbatim}
                   
You may provide a definition with
\DeclareUnicodeCharacter 


./main_page.tex:49: LaTeX Error: Unicode character и (U+0438)
               not set up for use with LaTeX.

See the LaTeX manual or LaTeX Companion for explanation.
Type  H <return>  for immediate help.
 ...                                              
                                                  
l.49 \end{verbatim}
                   
You may provide a definition with
\DeclareUnicodeCharacter 


./main_page.tex:49: LaTeX Error: Unicode character л (U+043B)
               not set up for use with LaTeX.

See the LaTeX manual or LaTeX Companion for explanation.
Type  H <return>  for immediate help.
 ...                                              
                                                  
l.49 \end{verbatim}
                   
You may provide a definition with
\DeclareUnicodeCharacter 


./main_page.tex:49: LaTeX Error: Unicode character и (U+0438)
               not set up for use with LaTeX.

See the LaTeX manual or LaTeX Companion for explanation.
Type  H <return>  for immediate help.
 ...                                              
                                                  
l.49 \end{verbatim}
                   
You may provide a definition with
\DeclareUnicodeCharacter 


./main_page.tex:49: LaTeX Error: Unicode character е (U+0435)
               not set up for use with LaTeX.

See the LaTeX manual or LaTeX Companion for explanation.
Type  H <return>  for immediate help.
 ...                                              
                                                  
l.49 \end{verbatim}
                   
You may provide a definition with
\DeclareUnicodeCharacter 


./main_page.tex:49: LaTeX Error: Unicode character ё (U+0451)
               not set up for use with LaTeX.

See the LaTeX manual or LaTeX Companion for explanation.
Type  H <return>  for immediate help.
 ...                                              
                                                  
l.49 \end{verbatim}
                   
You may provide a definition with
\DeclareUnicodeCharacter 


./main_page.tex:49: LaTeX Error: Unicode character с (U+0441)
               not set up for use with LaTeX.

See the LaTeX manual or LaTeX Companion for explanation.
Type  H <return>  for immediate help.
 ...                                              
                                                  
l.49 \end{verbatim}
                   
You may provide a definition with
\DeclareUnicodeCharacter 


./main_page.tex:49: LaTeX Error: Unicode character и (U+0438)
               not set up for use with LaTeX.

See the LaTeX manual or LaTeX Companion for explanation.
Type  H <return>  for immediate help.
 ...                                              
                                                  
l.49 \end{verbatim}
                   
You may provide a definition with
\DeclareUnicodeCharacter 


./main_page.tex:49: LaTeX Error: Unicode character с (U+0441)
               not set up for use with LaTeX.

See the LaTeX manual or LaTeX Companion for explanation.
Type  H <return>  for immediate help.
 ...                                              
                                                  
l.49 \end{verbatim}
                   
You may provide a definition with
\DeclareUnicodeCharacter 


./main_page.tex:49: LaTeX Error: Unicode character т (U+0442)
               not set up for use with LaTeX.

See the LaTeX manual or LaTeX Companion for explanation.
Type  H <return>  for immediate help.
 ...                                              
                                                  
l.49 \end{verbatim}
                   
You may provide a definition with
\DeclareUnicodeCharacter 


./main_page.tex:49: LaTeX Error: Unicode character е (U+0435)
               not set up for use with LaTeX.

See the LaTeX manual or LaTeX Companion for explanation.
Type  H <return>  for immediate help.
 ...                                              
                                                  
l.49 \end{verbatim}
                   
You may provide a definition with
\DeclareUnicodeCharacter 


./main_page.tex:49: LaTeX Error: Unicode character м (U+043C)
               not set up for use with LaTeX.

See the LaTeX manual or LaTeX Companion for explanation.
Type  H <return>  for immediate help.
 ...                                              
                                                  
l.49 \end{verbatim}
                   
You may provide a definition with
\DeclareUnicodeCharacter 


./main_page.tex:49: LaTeX Error: Unicode character н (U+043D)
               not set up for use with LaTeX.

See the LaTeX manual or LaTeX Companion for explanation.
Type  H <return>  for immediate help.
 ...                                              
                                                  
l.49 \end{verbatim}
                   
You may provide a definition with
\DeclareUnicodeCharacter 


./main_page.tex:49: LaTeX Error: Unicode character ы (U+044B)
               not set up for use with LaTeX.

See the LaTeX manual or LaTeX Companion for explanation.
Type  H <return>  for immediate help.
 ...                                              
                                                  
l.49 \end{verbatim}
                   
You may provide a definition with
\DeclareUnicodeCharacter 


./main_page.tex:49: LaTeX Error: Unicode character е (U+0435)
               not set up for use with LaTeX.

See the LaTeX manual or LaTeX Companion for explanation.
Type  H <return>  for immediate help.
 ...                                              
                                                  
l.49 \end{verbatim}
                   
You may provide a definition with
\DeclareUnicodeCharacter 


./main_page.tex:49: LaTeX Error: Unicode character в (U+0432)
               not set up for use with LaTeX.

See the LaTeX manual or LaTeX Companion for explanation.
Type  H <return>  for immediate help.
 ...                                              
                                                  
l.49 \end{verbatim}
                   
You may provide a definition with
\DeclareUnicodeCharacter 


./main_page.tex:49: LaTeX Error: Unicode character ы (U+044B)
               not set up for use with LaTeX.

See the LaTeX manual or LaTeX Companion for explanation.
Type  H <return>  for immediate help.
 ...                                              
                                                  
l.49 \end{verbatim}
                   
You may provide a definition with
\DeclareUnicodeCharacter 


./main_page.tex:49: LaTeX Error: Unicode character з (U+0437)
               not set up for use with LaTeX.

See the LaTeX manual or LaTeX Companion for explanation.
Type  H <return>  for immediate help.
 ...                                              
                                                  
l.49 \end{verbatim}
                   
You may provide a definition with
\DeclareUnicodeCharacter 


./main_page.tex:49: LaTeX Error: Unicode character о (U+043E)
               not set up for use with LaTeX.

See the LaTeX manual or LaTeX Companion for explanation.
Type  H <return>  for immediate help.
 ...                                              
                                                  
l.49 \end{verbatim}
                   
You may provide a definition with
\DeclareUnicodeCharacter 


./main_page.tex:49: LaTeX Error: Unicode character в (U+0432)
               not set up for use with LaTeX.

See the LaTeX manual or LaTeX Companion for explanation.
Type  H <return>  for immediate help.
 ...                                              
                                                  
l.49 \end{verbatim}
                   
You may provide a definition with
\DeclareUnicodeCharacter 


./main_page.tex:49: LaTeX Error: Unicode character ы (U+044B)
               not set up for use with LaTeX.

See the LaTeX manual or LaTeX Companion for explanation.
Type  H <return>  for immediate help.
 ...                                              
                                                  
l.49 \end{verbatim}
                   
You may provide a definition with
\DeclareUnicodeCharacter 


./main_page.tex:49: LaTeX Error: Unicode character в (U+0432)
               not set up for use with LaTeX.

See the LaTeX manual or LaTeX Companion for explanation.
Type  H <return>  for immediate help.
 ...                                              
                                                  
l.49 \end{verbatim}
                   
You may provide a definition with
\DeclareUnicodeCharacter 


./main_page.tex:49: LaTeX Error: Unicode character к (U+043A)
               not set up for use with LaTeX.

See the LaTeX manual or LaTeX Companion for explanation.
Type  H <return>  for immediate help.
 ...                                              
                                                  
l.49 \end{verbatim}
                   
You may provide a definition with
\DeclareUnicodeCharacter 


./main_page.tex:49: LaTeX Error: Unicode character л (U+043B)
               not set up for use with LaTeX.

See the LaTeX manual or LaTeX Companion for explanation.
Type  H <return>  for immediate help.
 ...                                              
                                                  
l.49 \end{verbatim}
                   
You may provide a definition with
\DeclareUnicodeCharacter 


./main_page.tex:49: LaTeX Error: Unicode character ю (U+044E)
               not set up for use with LaTeX.

See the LaTeX manual or LaTeX Companion for explanation.
Type  H <return>  for immediate help.
 ...                                              
                                                  
l.49 \end{verbatim}
                   
You may provide a definition with
\DeclareUnicodeCharacter 


./main_page.tex:49: LaTeX Error: Unicode character ч (U+0447)
               not set up for use with LaTeX.

See the LaTeX manual or LaTeX Companion for explanation.
Type  H <return>  for immediate help.
 ...                                              
                                                  
l.49 \end{verbatim}
                   
You may provide a definition with
\DeclareUnicodeCharacter 


./main_page.tex:49: LaTeX Error: Unicode character а (U+0430)
               not set up for use with LaTeX.

See the LaTeX manual or LaTeX Companion for explanation.
Type  H <return>  for immediate help.
 ...                                              
                                                  
l.49 \end{verbatim}
                   
You may provide a definition with
\DeclareUnicodeCharacter 


./main_page.tex:49: LaTeX Error: Unicode character я (U+044F)
               not set up for use with LaTeX.

See the LaTeX manual or LaTeX Companion for explanation.
Type  H <return>  for immediate help.
 ...                                              
                                                  
l.49 \end{verbatim}
                   
You may provide a definition with
\DeclareUnicodeCharacter 


./main_page.tex:49: LaTeX Error: Unicode character и (U+0438)
               not set up for use with LaTeX.

See the LaTeX manual or LaTeX Companion for explanation.
Type  H <return>  for immediate help.
 ...                                              
                                                  
l.49 \end{verbatim}
                   
You may provide a definition with
\DeclareUnicodeCharacter 


./main_page.tex:49: LaTeX Error: Unicode character З (U+0417)
               not set up for use with LaTeX.

See the LaTeX manual or LaTeX Companion for explanation.
Type  H <return>  for immediate help.
 ...                                              
                                                  
l.49 \end{verbatim}
                   
You may provide a definition with
\DeclareUnicodeCharacter 


./main_page.tex:49: LaTeX Error: Unicode character а (U+0430)
               not set up for use with LaTeX.

See the LaTeX manual or LaTeX Companion for explanation.
Type  H <return>  for immediate help.
 ...                                              
                                                  
l.49 \end{verbatim}
                   
You may provide a definition with
\DeclareUnicodeCharacter 


./main_page.tex:49: LaTeX Error: Unicode character т (U+0442)
               not set up for use with LaTeX.

See the LaTeX manual or LaTeX Companion for explanation.
Type  H <return>  for immediate help.
 ...                                              
                                                  
l.49 \end{verbatim}
                   
You may provide a definition with
\DeclareUnicodeCharacter 


./main_page.tex:49: LaTeX Error: Unicode character е (U+0435)
               not set up for use with LaTeX.

See the LaTeX manual or LaTeX Companion for explanation.
Type  H <return>  for immediate help.
 ...                                              
                                                  
l.49 \end{verbatim}
                   
You may provide a definition with
\DeclareUnicodeCharacter 


./main_page.tex:49: LaTeX Error: Unicode character м (U+043C)
               not set up for use with LaTeX.

See the LaTeX manual or LaTeX Companion for explanation.
Type  H <return>  for immediate help.
 ...                                              
                                                  
l.49 \end{verbatim}
                   
You may provide a definition with
\DeclareUnicodeCharacter 


./main_page.tex:49: LaTeX Error: Unicode character м (U+043C)
               not set up for use with LaTeX.

See the LaTeX manual or LaTeX Companion for explanation.
Type  H <return>  for immediate help.
 ...                                              
                                                  
l.49 \end{verbatim}
                   
You may provide a definition with
\DeclareUnicodeCharacter 


./main_page.tex:49: LaTeX Error: Unicode character ы (U+044B)
               not set up for use with LaTeX.

See the LaTeX manual or LaTeX Companion for explanation.
Type  H <return>  for immediate help.
 ...                                              
                                                  
l.49 \end{verbatim}
                   
You may provide a definition with
\DeclareUnicodeCharacter 


./main_page.tex:49: LaTeX Error: Unicode character р (U+0440)
               not set up for use with LaTeX.

See the LaTeX manual or LaTeX Companion for explanation.
Type  H <return>  for immediate help.
 ...                                              
                                                  
l.49 \end{verbatim}
                   
You may provide a definition with
\DeclareUnicodeCharacter 


./main_page.tex:49: LaTeX Error: Unicode character а (U+0430)
               not set up for use with LaTeX.

See the LaTeX manual or LaTeX Companion for explanation.
Type  H <return>  for immediate help.
 ...                                              
                                                  
l.49 \end{verbatim}
                   
You may provide a definition with
\DeclareUnicodeCharacter 


./main_page.tex:49: LaTeX Error: Unicode character з (U+0437)
               not set up for use with LaTeX.

See the LaTeX manual or LaTeX Companion for explanation.
Type  H <return>  for immediate help.
 ...                                              
                                                  
l.49 \end{verbatim}
                   
You may provide a definition with
\DeclareUnicodeCharacter 


./main_page.tex:49: LaTeX Error: Unicode character р (U+0440)
               not set up for use with LaTeX.

See the LaTeX manual or LaTeX Companion for explanation.
Type  H <return>  for immediate help.
 ...                                              
                                                  
l.49 \end{verbatim}
                   
(That makes 100 errors; please try again.) 
Here is how much of TeX's memory you used:
 55 strings out of 478287
 874 string characters out of 5849289
 294720 words of memory out of 5000000
 18349 multiletter control sequences out of 15000+600000
 469427 words of font info for 29 fonts, out of 8000000 for 9000
 1141 hyphenation exceptions out of 8191
 16i,1n,12p,707b,197s stack positions out of 5000i,500n,10000p,200000b,80000s

./main_page.tex:49:  ==> Fatal error occurred, no output PDF file produced!
